<?xml version="1.0" encoding="UTF-8"?>
<coverage generated="1493896544201" clover="3.2.0">
  <project timestamp="1493896544201" name="All files">
    <metrics statements="43" coveredstatements="31" conditionals="5" coveredconditionals="3" methods="28" coveredmethods="14" elements="76" coveredelements="48" complexity="0" loc="43" ncloc="43" packages="7" files="14" classes="14">
      <package name="myFirst">
        <metrics statements="2" coveredstatements="2" conditionals="0" coveredconditionals="0" methods="1" coveredmethods="0"/>
        <file name="index.android.js" path="/home/anthony/Documents/hacktiv8/phase3/week2/selasa/react-native-challenge/myFirst/index.android.js">
          <metrics statements="2" coveredstatements="2" conditionals="0" coveredconditionals="0" methods="1" coveredmethods="0"/>
          <line num="15" count="1" type="stmt"/>
          <line num="27" count="1" type="stmt"/>
        </file>
      </package>
      <package name="myFirst.jest">
        <metrics statements="2" coveredstatements="2" conditionals="0" coveredconditionals="0" methods="1" coveredmethods="1"/>
        <file name="setup.js" path="/home/anthony/Documents/hacktiv8/phase3/week2/selasa/react-native-challenge/myFirst/jest/setup.js">
          <metrics statements="2" coveredstatements="2" conditionals="0" coveredconditionals="0" methods="1" coveredmethods="1"/>
          <line num="1" count="9" type="stmt"/>
          <line num="2" count="1" type="stmt"/>
        </file>
      </package>
      <package name="myFirst.src.actions">
        <metrics statements="7" coveredstatements="7" conditionals="0" coveredconditionals="0" methods="5" coveredmethods="5"/>
        <file name="constants.js" path="/home/anthony/Documents/hacktiv8/phase3/week2/selasa/react-native-challenge/myFirst/src/actions/constants.js">
          <metrics statements="1" coveredstatements="1" conditionals="0" coveredconditionals="0" methods="0" coveredmethods="0"/>
          <line num="1" count="5" type="stmt"/>
        </file>
        <file name="index.js" path="/home/anthony/Documents/hacktiv8/phase3/week2/selasa/react-native-challenge/myFirst/src/actions/index.js">
          <metrics statements="6" coveredstatements="6" conditionals="0" coveredconditionals="0" methods="5" coveredmethods="5"/>
          <line num="5" count="4" type="stmt"/>
          <line num="11" count="4" type="stmt"/>
          <line num="12" count="1" type="stmt"/>
          <line num="21" count="1" type="stmt"/>
          <line num="22" count="1" type="stmt"/>
          <line num="23" count="1" type="stmt"/>
        </file>
      </package>
      <package name="myFirst.src.assets">
        <metrics statements="1" coveredstatements="1" conditionals="0" coveredconditionals="0" methods="0" coveredmethods="0"/>
        <file name="index.js" path="/home/anthony/Documents/hacktiv8/phase3/week2/selasa/react-native-challenge/myFirst/src/assets/index.js">
          <metrics statements="1" coveredstatements="1" conditionals="0" coveredconditionals="0" methods="0" coveredmethods="0"/>
          <line num="1" count="4" type="stmt"/>
        </file>
      </package>
      <package name="myFirst.src.components">
        <metrics statements="24" coveredstatements="12" conditionals="2" coveredconditionals="0" methods="20" coveredmethods="7"/>
        <file name="About.js" path="/home/anthony/Documents/hacktiv8/phase3/week2/selasa/react-native-challenge/myFirst/src/components/About.js">
          <metrics statements="4" coveredstatements="2" conditionals="0" coveredconditionals="0" methods="3" coveredmethods="1"/>
          <line num="13" count="2" type="stmt"/>
          <line num="14" count="2" type="stmt"/>
          <line num="41" count="0" type="stmt"/>
          <line num="51" count="0" type="stmt"/>
        </file>
        <file name="Button.js" path="/home/anthony/Documents/hacktiv8/phase3/week2/selasa/react-native-challenge/myFirst/src/components/Button.js">
          <metrics statements="3" coveredstatements="3" conditionals="0" coveredconditionals="0" methods="3" coveredmethods="2"/>
          <line num="12" count="1" type="stmt"/>
          <line num="13" count="1" type="stmt"/>
          <line num="19" count="1" type="stmt"/>
        </file>
        <file name="Content.js" path="/home/anthony/Documents/hacktiv8/phase3/week2/selasa/react-native-challenge/myFirst/src/components/Content.js">
          <metrics statements="11" coveredstatements="2" conditionals="2" coveredconditionals="0" methods="9" coveredmethods="0"/>
          <line num="15" count="0" type="stmt"/>
          <line num="16" count="0" type="stmt"/>
          <line num="17" count="0" type="stmt"/>
          <line num="22" count="0" type="stmt"/>
          <line num="26" count="0" type="stmt"/>
          <line num="30" count="0" type="stmt"/>
          <line num="32" count="0" type="stmt"/>
          <line num="39" count="0" type="stmt"/>
          <line num="60" count="3" type="stmt"/>
          <line num="61" count="0" type="stmt"/>
          <line num="64" count="3" type="stmt"/>
        </file>
        <file name="Header.js" path="/home/anthony/Documents/hacktiv8/phase3/week2/selasa/react-native-challenge/myFirst/src/components/Header.js">
          <metrics statements="2" coveredstatements="1" conditionals="0" coveredconditionals="0" methods="2" coveredmethods="1"/>
          <line num="8" count="1" type="stmt"/>
          <line num="14" count="0" type="stmt"/>
        </file>
        <file name="Home.js" path="/home/anthony/Documents/hacktiv8/phase3/week2/selasa/react-native-challenge/myFirst/src/components/Home.js">
          <metrics statements="1" coveredstatements="1" conditionals="0" coveredconditionals="0" methods="1" coveredmethods="1"/>
          <line num="15" count="1" type="stmt"/>
        </file>
        <file name="ListPhoto.js" path="/home/anthony/Documents/hacktiv8/phase3/week2/selasa/react-native-challenge/myFirst/src/components/ListPhoto.js">
          <metrics statements="3" coveredstatements="3" conditionals="0" coveredconditionals="0" methods="2" coveredmethods="2"/>
          <line num="10" count="1" type="stmt"/>
          <line num="13" count="1" type="stmt"/>
          <line num="14" count="1" type="stmt"/>
        </file>
      </package>
      <package name="myFirst.src.reducers">
        <metrics statements="5" coveredstatements="5" conditionals="3" coveredconditionals="3" methods="1" coveredmethods="1"/>
        <file name="index.js" path="/home/anthony/Documents/hacktiv8/phase3/week2/selasa/react-native-challenge/myFirst/src/reducers/index.js">
          <metrics statements="1" coveredstatements="1" conditionals="0" coveredconditionals="0" methods="0" coveredmethods="0"/>
          <line num="5" count="3" type="stmt"/>
        </file>
        <file name="photoReducers.js" path="/home/anthony/Documents/hacktiv8/phase3/week2/selasa/react-native-challenge/myFirst/src/reducers/photoReducers.js">
          <metrics statements="4" coveredstatements="4" conditionals="3" coveredconditionals="3" methods="1" coveredmethods="1"/>
          <line num="3" count="4" type="cond" truecount="1" falsecount="0"/>
          <line num="4" count="11" type="cond" truecount="2" falsecount="0"/>
          <line num="6" count="1" type="stmt"/>
          <line num="8" count="10" type="stmt"/>
        </file>
      </package>
      <package name="myFirst.src.store">
        <metrics statements="2" coveredstatements="2" conditionals="0" coveredconditionals="0" methods="0" coveredmethods="0"/>
        <file name="index.js" path="/home/anthony/Documents/hacktiv8/phase3/week2/selasa/react-native-challenge/myFirst/src/store/index.js">
          <metrics statements="2" coveredstatements="2" conditionals="0" coveredconditionals="0" methods="0" coveredmethods="0"/>
          <line num="7" count="3" type="stmt"/>
          <line num="9" count="3" type="stmt"/>
        </file>
      </package>
    </metrics>
  </project>
</coverage>
