{"/home/anthony/Documents/hacktiv8/phase3/week2/selasa/react-native-challenge/myFirst/index.android.js": {"path":"/home/anthony/Documents/hacktiv8/phase3/week2/selasa/react-native-challenge/myFirst/index.android.js","statementMap":{"0":{"start":{"line":15,"column":16},"end":{"line":22,"column":1}},"1":{"start":{"line":27,"column":0},"end":{"line":27,"column":56}},"2":{"start":{"line":27,"column":47},"end":{"line":27,"column":54}}},"fnMap":{"0":{"name":"(anonymous_0)","decl":{"start":{"line":27,"column":41},"end":{"line":27,"column":42}},"loc":{"start":{"line":27,"column":47},"end":{"line":27,"column":54}},"line":27}},"branchMap":{},"s":{"0":1,"1":1,"2":0},"f":{"0":0},"b":{},"_coverageSchema":"332fd63041d2c1bcb487cc26dd0d5f7d97098a6c","hash":"c9fc1c68c6c9af6a39a4d24b4da2388ba9014dc8"}
,"/home/anthony/Documents/hacktiv8/phase3/week2/selasa/react-native-challenge/myFirst/jest/setup.js": {"path":"/home/anthony/Documents/hacktiv8/phase3/week2/selasa/react-native-challenge/myFirst/jest/setup.js","statementMap":{"0":{"start":{"line":1,"column":0},"end":{"line":9,"column":2}},"1":{"start":{"line":2,"column":2},"end":{"line":8,"column":3}}},"fnMap":{"0":{"name":"(anonymous_0)","decl":{"start":{"line":1,"column":21},"end":{"line":1,"column":22}},"loc":{"start":{"line":1,"column":27},"end":{"line":9,"column":1}},"line":1}},"branchMap":{},"s":{"0":9,"1":1},"f":{"0":1},"b":{},"_coverageSchema":"332fd63041d2c1bcb487cc26dd0d5f7d97098a6c","hash":"d82c044779e8900f818d08eeb3c347263531e07a"}
,"/home/anthony/Documents/hacktiv8/phase3/week2/selasa/react-native-challenge/myFirst/src/actions/constants.js": {"path":"/home/anthony/Documents/hacktiv8/phase3/week2/selasa/react-native-challenge/myFirst/src/actions/constants.js","statementMap":{"0":{"start":{"line":1,"column":26},"end":{"line":1,"column":38}}},"fnMap":{},"branchMap":{},"s":{"0":5},"f":{},"b":{},"_coverageSchema":"332fd63041d2c1bcb487cc26dd0d5f7d97098a6c","hash":"e06dd53d1ee1f6c135cc67eb2dd09426c4cfbf39"}
,"/home/anthony/Documents/hacktiv8/phase3/week2/selasa/react-native-challenge/myFirst/src/actions/index.js": {"path":"/home/anthony/Documents/hacktiv8/phase3/week2/selasa/react-native-challenge/myFirst/src/actions/index.js","statementMap":{"0":{"start":{"line":5,"column":32},"end":{"line":9,"column":1}},"1":{"start":{"line":5,"column":42},"end":{"line":8,"column":3}},"2":{"start":{"line":11,"column":25},"end":{"line":26,"column":1}},"3":{"start":{"line":12,"column":2},"end":{"line":25,"column":3}},"4":{"start":{"line":21,"column":4},"end":{"line":23,"column":58}},"5":{"start":{"line":22,"column":17},"end":{"line":22,"column":27}},"6":{"start":{"line":23,"column":18},"end":{"line":23,"column":57}}},"fnMap":{"0":{"name":"(anonymous_0)","decl":{"start":{"line":5,"column":32},"end":{"line":5,"column":33}},"loc":{"start":{"line":5,"column":42},"end":{"line":8,"column":3}},"line":5},"1":{"name":"(anonymous_1)","decl":{"start":{"line":11,"column":25},"end":{"line":11,"column":26}},"loc":{"start":{"line":12,"column":2},"end":{"line":25,"column":3}},"line":12},"2":{"name":"(anonymous_2)","decl":{"start":{"line":12,"column":2},"end":{"line":12,"column":3}},"loc":{"start":{"line":21,"column":4},"end":{"line":23,"column":58}},"line":21},"3":{"name":"(anonymous_3)","decl":{"start":{"line":22,"column":10},"end":{"line":22,"column":11}},"loc":{"start":{"line":22,"column":17},"end":{"line":22,"column":27}},"line":22},"4":{"name":"(anonymous_4)","decl":{"start":{"line":23,"column":10},"end":{"line":23,"column":11}},"loc":{"start":{"line":23,"column":18},"end":{"line":23,"column":57}},"line":23}},"branchMap":{},"s":{"0":4,"1":1,"2":4,"3":1,"4":1,"5":1,"6":1},"f":{"0":1,"1":1,"2":1,"3":1,"4":1},"b":{},"_coverageSchema":"332fd63041d2c1bcb487cc26dd0d5f7d97098a6c","hash":"1234594f7e029684346a845fbdf7df8a0e79ff39"}
,"/home/anthony/Documents/hacktiv8/phase3/week2/selasa/react-native-challenge/myFirst/src/assets/index.js": {"path":"/home/anthony/Documents/hacktiv8/phase3/week2/selasa/react-native-challenge/myFirst/src/assets/index.js","statementMap":{"0":{"start":{"line":1,"column":15},"end":{"line":56,"column":1}}},"fnMap":{},"branchMap":{},"s":{"0":4},"f":{},"b":{},"_coverageSchema":"332fd63041d2c1bcb487cc26dd0d5f7d97098a6c","hash":"2397c4c7dca2c3cde4730ffbdf7710c6a1879852"}
,"/home/anthony/Documents/hacktiv8/phase3/week2/selasa/react-native-challenge/myFirst/src/components/About.js": {"path":"/home/anthony/Documents/hacktiv8/phase3/week2/selasa/react-native-challenge/myFirst/src/components/About.js","statementMap":{"0":{"start":{"line":13,"column":27},"end":{"line":13,"column":37}},"1":{"start":{"line":14,"column":4},"end":{"line":56,"column":5}},"2":{"start":{"line":41,"column":70},"end":{"line":41,"column":119}},"3":{"start":{"line":51,"column":46},"end":{"line":51,"column":65}}},"fnMap":{"0":{"name":"(anonymous_0)","decl":{"start":{"line":12,"column":2},"end":{"line":12,"column":3}},"loc":{"start":{"line":12,"column":11},"end":{"line":57,"column":3}},"line":12},"1":{"name":"(anonymous_1)","decl":{"start":{"line":41,"column":63},"end":{"line":41,"column":64}},"loc":{"start":{"line":41,"column":69},"end":{"line":41,"column":120}},"line":41},"2":{"name":"(anonymous_2)","decl":{"start":{"line":51,"column":40},"end":{"line":51,"column":41}},"loc":{"start":{"line":51,"column":46},"end":{"line":51,"column":65}},"line":51}},"branchMap":{},"s":{"0":2,"1":2,"2":0,"3":0},"f":{"0":2,"1":0,"2":0},"b":{},"_coverageSchema":"332fd63041d2c1bcb487cc26dd0d5f7d97098a6c","hash":"eb4e7897da5761d4d48e38acb45c553c96192861"}
,"/home/anthony/Documents/hacktiv8/phase3/week2/selasa/react-native-challenge/myFirst/src/components/Button.js": {"path":"/home/anthony/Documents/hacktiv8/phase3/week2/selasa/react-native-challenge/myFirst/src/components/Button.js","statementMap":{"0":{"start":{"line":12,"column":4},"end":{"line":12,"column":12}},"1":{"start":{"line":13,"column":4},"end":{"line":15,"column":5}},"2":{"start":{"line":19,"column":4},"end":{"line":23,"column":5}}},"fnMap":{"0":{"name":"(anonymous_0)","decl":{"start":{"line":11,"column":2},"end":{"line":11,"column":3}},"loc":{"start":{"line":11,"column":16},"end":{"line":16,"column":3}},"line":11},"1":{"name":"(anonymous_1)","decl":{"start":{"line":18,"column":2},"end":{"line":18,"column":3}},"loc":{"start":{"line":18,"column":11},"end":{"line":24,"column":3}},"line":18},"2":{"name":"(anonymous_2)","decl":{"start":{"line":20,"column":55},"end":{"line":20,"column":56}},"loc":{"start":{"line":20,"column":61},"end":{"line":20,"column":63}},"line":20}},"branchMap":{},"s":{"0":1,"1":1,"2":1},"f":{"0":1,"1":1,"2":0},"b":{},"_coverageSchema":"332fd63041d2c1bcb487cc26dd0d5f7d97098a6c","hash":"61ef992cfaf8ca85bf664d122cc3c18d9088d189"}
,"/home/anthony/Documents/hacktiv8/phase3/week2/selasa/react-native-challenge/myFirst/src/components/Content.js": {"path":"/home/anthony/Documents/hacktiv8/phase3/week2/selasa/react-native-challenge/myFirst/src/components/Content.js","statementMap":{"0":{"start":{"line":15,"column":4},"end":{"line":15,"column":17}},"1":{"start":{"line":16,"column":4},"end":{"line":18,"column":5}},"2":{"start":{"line":17,"column":62},"end":{"line":17,"column":71}},"3":{"start":{"line":22,"column":4},"end":{"line":22,"column":27}},"4":{"start":{"line":26,"column":4},"end":{"line":26,"column":33}},"5":{"start":{"line":30,"column":23},"end":{"line":30,"column":33}},"6":{"start":{"line":32,"column":4},"end":{"line":56,"column":5}},"7":{"start":{"line":39,"column":38},"end":{"line":39,"column":66}},"8":{"start":{"line":60,"column":24},"end":{"line":62,"column":2}},"9":{"start":{"line":60,"column":37},"end":{"line":62,"column":1}},"10":{"start":{"line":61,"column":19},"end":{"line":61,"column":40}},"11":{"start":{"line":64,"column":21},"end":{"line":66,"column":2}},"12":{"start":{"line":64,"column":31},"end":{"line":66,"column":1}}},"fnMap":{"0":{"name":"(anonymous_0)","decl":{"start":{"line":14,"column":2},"end":{"line":14,"column":3}},"loc":{"start":{"line":14,"column":21},"end":{"line":19,"column":3}},"line":14},"1":{"name":"(anonymous_1)","decl":{"start":{"line":17,"column":50},"end":{"line":17,"column":51}},"loc":{"start":{"line":17,"column":62},"end":{"line":17,"column":71}},"line":17},"2":{"name":"(anonymous_2)","decl":{"start":{"line":21,"column":2},"end":{"line":21,"column":3}},"loc":{"start":{"line":21,"column":22},"end":{"line":23,"column":3}},"line":21},"3":{"name":"(anonymous_3)","decl":{"start":{"line":25,"column":2},"end":{"line":25,"column":3}},"loc":{"start":{"line":25,"column":16},"end":{"line":27,"column":3}},"line":25},"4":{"name":"(anonymous_4)","decl":{"start":{"line":29,"column":2},"end":{"line":29,"column":3}},"loc":{"start":{"line":29,"column":11},"end":{"line":57,"column":3}},"line":29},"5":{"name":"(anonymous_5)","decl":{"start":{"line":39,"column":25},"end":{"line":39,"column":26}},"loc":{"start":{"line":39,"column":38},"end":{"line":39,"column":66}},"line":39},"6":{"name":"(anonymous_6)","decl":{"start":{"line":60,"column":24},"end":{"line":60,"column":25}},"loc":{"start":{"line":60,"column":37},"end":{"line":62,"column":1}},"line":60},"7":{"name":"(anonymous_7)","decl":{"start":{"line":61,"column":13},"end":{"line":61,"column":14}},"loc":{"start":{"line":61,"column":19},"end":{"line":61,"column":40}},"line":61},"8":{"name":"(anonymous_8)","decl":{"start":{"line":64,"column":21},"end":{"line":64,"column":22}},"loc":{"start":{"line":64,"column":31},"end":{"line":66,"column":1}},"line":64}},"branchMap":{"0":{"loc":{"start":{"line":34,"column":10},"end":{"line":51,"column":12}},"type":"cond-expr","locations":[{"start":{"line":35,"column":10},"end":{"line":44,"column":17}},{"start":{"line":47,"column":10},"end":{"line":51,"column":12}}],"line":34}},"s":{"0":0,"1":0,"2":0,"3":0,"4":0,"5":0,"6":0,"7":0,"8":3,"9":0,"10":0,"11":3,"12":0},"f":{"0":0,"1":0,"2":0,"3":0,"4":0,"5":0,"6":0,"7":0,"8":0},"b":{"0":[0,0]},"_coverageSchema":"332fd63041d2c1bcb487cc26dd0d5f7d97098a6c","hash":"1af27aa98714f82cb84f01c9a58c16507c973231"}
,"/home/anthony/Documents/hacktiv8/phase3/week2/selasa/react-native-challenge/myFirst/src/components/Header.js": {"path":"/home/anthony/Documents/hacktiv8/phase3/week2/selasa/react-native-challenge/myFirst/src/components/Header.js","statementMap":{"0":{"start":{"line":8,"column":4},"end":{"line":19,"column":6}},"1":{"start":{"line":14,"column":35},"end":{"line":14,"column":74}}},"fnMap":{"0":{"name":"(anonymous_0)","decl":{"start":{"line":7,"column":2},"end":{"line":7,"column":3}},"loc":{"start":{"line":7,"column":11},"end":{"line":20,"column":3}},"line":7},"1":{"name":"(anonymous_1)","decl":{"start":{"line":14,"column":28},"end":{"line":14,"column":29}},"loc":{"start":{"line":14,"column":34},"end":{"line":14,"column":75}},"line":14}},"branchMap":{},"s":{"0":1,"1":0},"f":{"0":1,"1":0},"b":{},"_coverageSchema":"332fd63041d2c1bcb487cc26dd0d5f7d97098a6c","hash":"bf3ee3893bce3ee1fae257506fbc00514bafe7c2"}
,"/home/anthony/Documents/hacktiv8/phase3/week2/selasa/react-native-challenge/myFirst/src/components/Home.js": {"path":"/home/anthony/Documents/hacktiv8/phase3/week2/selasa/react-native-challenge/myFirst/src/components/Home.js","statementMap":{"0":{"start":{"line":15,"column":4},"end":{"line":24,"column":6}}},"fnMap":{"0":{"name":"(anonymous_0)","decl":{"start":{"line":14,"column":2},"end":{"line":14,"column":3}},"loc":{"start":{"line":14,"column":11},"end":{"line":25,"column":3}},"line":14}},"branchMap":{},"s":{"0":1},"f":{"0":1},"b":{},"_coverageSchema":"332fd63041d2c1bcb487cc26dd0d5f7d97098a6c","hash":"4b50e4107e9bfc69624558d4122c81d58c130d04"}
,"/home/anthony/Documents/hacktiv8/phase3/week2/selasa/react-native-challenge/myFirst/src/components/ListPhoto.js": {"path":"/home/anthony/Documents/hacktiv8/phase3/week2/selasa/react-native-challenge/myFirst/src/components/ListPhoto.js","statementMap":{"0":{"start":{"line":10,"column":4},"end":{"line":10,"column":17}},"1":{"start":{"line":13,"column":22},"end":{"line":13,"column":32}},"2":{"start":{"line":14,"column":4},"end":{"line":52,"column":5}}},"fnMap":{"0":{"name":"(anonymous_0)","decl":{"start":{"line":9,"column":2},"end":{"line":9,"column":3}},"loc":{"start":{"line":9,"column":21},"end":{"line":11,"column":3}},"line":9},"1":{"name":"(anonymous_1)","decl":{"start":{"line":12,"column":2},"end":{"line":12,"column":3}},"loc":{"start":{"line":12,"column":11},"end":{"line":53,"column":3}},"line":12}},"branchMap":{},"s":{"0":1,"1":1,"2":1},"f":{"0":1,"1":1},"b":{},"_coverageSchema":"332fd63041d2c1bcb487cc26dd0d5f7d97098a6c","hash":"2c638371748f1e386f860f4d669fd7f636f20a5d"}
,"/home/anthony/Documents/hacktiv8/phase3/week2/selasa/react-native-challenge/myFirst/src/reducers/index.js": {"path":"/home/anthony/Documents/hacktiv8/phase3/week2/selasa/react-native-challenge/myFirst/src/reducers/index.js","statementMap":{"0":{"start":{"line":5,"column":20},"end":{"line":7,"column":2}}},"fnMap":{},"branchMap":{},"s":{"0":3},"f":{},"b":{},"_coverageSchema":"332fd63041d2c1bcb487cc26dd0d5f7d97098a6c","hash":"06f55eedfb724ab8e982ab4a0a5d580110858875"}
,"/home/anthony/Documents/hacktiv8/phase3/week2/selasa/react-native-challenge/myFirst/src/reducers/photoReducers.js": {"path":"/home/anthony/Documents/hacktiv8/phase3/week2/selasa/react-native-challenge/myFirst/src/reducers/photoReducers.js","statementMap":{"0":{"start":{"line":3,"column":22},"end":{"line":11,"column":1}},"1":{"start":{"line":4,"column":2},"end":{"line":10,"column":3}},"2":{"start":{"line":6,"column":6},"end":{"line":6,"column":28}},"3":{"start":{"line":8,"column":13},"end":{"line":8,"column":26}}},"fnMap":{"0":{"name":"(anonymous_0)","decl":{"start":{"line":3,"column":22},"end":{"line":3,"column":23}},"loc":{"start":{"line":3,"column":46},"end":{"line":11,"column":1}},"line":3}},"branchMap":{"0":{"loc":{"start":{"line":3,"column":23},"end":{"line":3,"column":33}},"type":"default-arg","locations":[{"start":{"line":3,"column":31},"end":{"line":3,"column":33}}],"line":3},"1":{"loc":{"start":{"line":4,"column":2},"end":{"line":10,"column":3}},"type":"switch","locations":[{"start":{"line":5,"column":4},"end":{"line":7,"column":5}},{"start":{"line":8,"column":4},"end":{"line":8,"column":26}}],"line":4}},"s":{"0":4,"1":11,"2":1,"3":10},"f":{"0":11},"b":{"0":[11],"1":[1,10]},"_coverageSchema":"332fd63041d2c1bcb487cc26dd0d5f7d97098a6c","hash":"944e3cdb2f5a7378d7cb3e88b63484fc5dc26e10"}
,"/home/anthony/Documents/hacktiv8/phase3/week2/selasa/react-native-challenge/myFirst/src/store/index.js": {"path":"/home/anthony/Documents/hacktiv8/phase3/week2/selasa/react-native-challenge/myFirst/src/store/index.js","statementMap":{"0":{"start":{"line":7,"column":19},"end":{"line":7,"column":48}},"1":{"start":{"line":9,"column":14},"end":{"line":9,"column":49}}},"fnMap":{},"branchMap":{},"s":{"0":3,"1":3},"f":{},"b":{},"_coverageSchema":"332fd63041d2c1bcb487cc26dd0d5f7d97098a6c","hash":"6790ec0ed0362e3c87110bc124dc9ae6e4b9e348"}
}
