TN:
SF:/home/anthony/Documents/hacktiv8/phase3/week2/selasa/react-native-challenge/myFirst/index.android.js
FN:27,(anonymous_0)
FNF:1
FNH:0
FNDA:0,(anonymous_0)
DA:15,1
DA:27,1
LF:2
LH:2
BRF:0
BRH:0
end_of_record
TN:
SF:/home/anthony/Documents/hacktiv8/phase3/week2/selasa/react-native-challenge/myFirst/jest/setup.js
FN:1,(anonymous_0)
FNF:1
FNH:1
FNDA:1,(anonymous_0)
DA:1,9
DA:2,1
LF:2
LH:2
BRF:0
BRH:0
end_of_record
TN:
SF:/home/anthony/Documents/hacktiv8/phase3/week2/selasa/react-native-challenge/myFirst/src/actions/constants.js
FNF:0
FNH:0
DA:1,5
LF:1
LH:1
BRF:0
BRH:0
end_of_record
TN:
SF:/home/anthony/Documents/hacktiv8/phase3/week2/selasa/react-native-challenge/myFirst/src/actions/index.js
FN:5,(anonymous_0)
FN:11,(anonymous_1)
FN:12,(anonymous_2)
FN:22,(anonymous_3)
FN:23,(anonymous_4)
FNF:5
FNH:5
FNDA:1,(anonymous_0)
FNDA:1,(anonymous_1)
FNDA:1,(anonymous_2)
FNDA:1,(anonymous_3)
FNDA:1,(anonymous_4)
DA:5,4
DA:11,4
DA:12,1
DA:21,1
DA:22,1
DA:23,1
LF:6
LH:6
BRF:0
BRH:0
end_of_record
TN:
SF:/home/anthony/Documents/hacktiv8/phase3/week2/selasa/react-native-challenge/myFirst/src/assets/index.js
FNF:0
FNH:0
DA:1,4
LF:1
LH:1
BRF:0
BRH:0
end_of_record
TN:
SF:/home/anthony/Documents/hacktiv8/phase3/week2/selasa/react-native-challenge/myFirst/src/components/About.js
FN:12,(anonymous_0)
FN:41,(anonymous_1)
FN:51,(anonymous_2)
FNF:3
FNH:1
FNDA:2,(anonymous_0)
FNDA:0,(anonymous_1)
FNDA:0,(anonymous_2)
DA:13,2
DA:14,2
DA:41,0
DA:51,0
LF:4
LH:2
BRF:0
BRH:0
end_of_record
TN:
SF:/home/anthony/Documents/hacktiv8/phase3/week2/selasa/react-native-challenge/myFirst/src/components/Button.js
FN:11,(anonymous_0)
FN:18,(anonymous_1)
FN:20,(anonymous_2)
FNF:3
FNH:2
FNDA:1,(anonymous_0)
FNDA:1,(anonymous_1)
FNDA:0,(anonymous_2)
DA:12,1
DA:13,1
DA:19,1
LF:3
LH:3
BRF:0
BRH:0
end_of_record
TN:
SF:/home/anthony/Documents/hacktiv8/phase3/week2/selasa/react-native-challenge/myFirst/src/components/Content.js
FN:14,(anonymous_0)
FN:17,(anonymous_1)
FN:21,(anonymous_2)
FN:25,(anonymous_3)
FN:29,(anonymous_4)
FN:39,(anonymous_5)
FN:60,(anonymous_6)
FN:61,(anonymous_7)
FN:64,(anonymous_8)
FNF:9
FNH:0
FNDA:0,(anonymous_0)
FNDA:0,(anonymous_1)
FNDA:0,(anonymous_2)
FNDA:0,(anonymous_3)
FNDA:0,(anonymous_4)
FNDA:0,(anonymous_5)
FNDA:0,(anonymous_6)
FNDA:0,(anonymous_7)
FNDA:0,(anonymous_8)
DA:15,0
DA:16,0
DA:17,0
DA:22,0
DA:26,0
DA:30,0
DA:32,0
DA:39,0
DA:60,3
DA:61,0
DA:64,3
LF:11
LH:2
BRDA:34,0,0,0
BRDA:34,0,1,0
BRF:2
BRH:0
end_of_record
TN:
SF:/home/anthony/Documents/hacktiv8/phase3/week2/selasa/react-native-challenge/myFirst/src/components/Header.js
FN:7,(anonymous_0)
FN:14,(anonymous_1)
FNF:2
FNH:1
FNDA:1,(anonymous_0)
FNDA:0,(anonymous_1)
DA:8,1
DA:14,0
LF:2
LH:1
BRF:0
BRH:0
end_of_record
TN:
SF:/home/anthony/Documents/hacktiv8/phase3/week2/selasa/react-native-challenge/myFirst/src/components/Home.js
FN:14,(anonymous_0)
FNF:1
FNH:1
FNDA:1,(anonymous_0)
DA:15,1
LF:1
LH:1
BRF:0
BRH:0
end_of_record
TN:
SF:/home/anthony/Documents/hacktiv8/phase3/week2/selasa/react-native-challenge/myFirst/src/components/ListPhoto.js
FN:9,(anonymous_0)
FN:12,(anonymous_1)
FNF:2
FNH:2
FNDA:1,(anonymous_0)
FNDA:1,(anonymous_1)
DA:10,1
DA:13,1
DA:14,1
LF:3
LH:3
BRF:0
BRH:0
end_of_record
TN:
SF:/home/anthony/Documents/hacktiv8/phase3/week2/selasa/react-native-challenge/myFirst/src/reducers/index.js
FNF:0
FNH:0
DA:5,3
LF:1
LH:1
BRF:0
BRH:0
end_of_record
TN:
SF:/home/anthony/Documents/hacktiv8/phase3/week2/selasa/react-native-challenge/myFirst/src/reducers/photoReducers.js
FN:3,(anonymous_0)
FNF:1
FNH:1
FNDA:11,(anonymous_0)
DA:3,4
DA:4,11
DA:6,1
DA:8,10
LF:4
LH:4
BRDA:3,0,0,11
BRDA:4,1,0,1
BRDA:4,1,1,10
BRF:3
BRH:3
end_of_record
TN:
SF:/home/anthony/Documents/hacktiv8/phase3/week2/selasa/react-native-challenge/myFirst/src/store/index.js
FNF:0
FNH:0
DA:7,3
DA:9,3
LF:2
LH:2
BRF:0
BRH:0
end_of_record
