<?xml version="1.0" encoding="UTF-8"?>
<coverage generated="1493889975234" clover="3.2.0">
  <project timestamp="1493889975234" name="All files">
    <metrics statements="30" coveredstatements="22" conditionals="2" coveredconditionals="1" methods="16" coveredmethods="8" elements="48" coveredelements="31" complexity="0" loc="30" ncloc="30" packages="4" files="8" classes="8">
      <package name="TMDBMovieFinder">
        <metrics statements="0" coveredstatements="0" conditionals="0" coveredconditionals="0" methods="0" coveredmethods="0"/>
        <file name="env.js" path="/home/andras/Github/hack-wk10/react-native-challenge/TMDBMovieFinder/env.js">
          <metrics statements="0" coveredstatements="0" conditionals="0" coveredconditionals="0" methods="0" coveredmethods="0"/>
        </file>
      </package>
      <package name="TMDBMovieFinder.jest">
        <metrics statements="2" coveredstatements="2" conditionals="0" coveredconditionals="0" methods="1" coveredmethods="1"/>
        <file name="setup.js" path="/home/andras/Github/hack-wk10/react-native-challenge/TMDBMovieFinder/jest/setup.js">
          <metrics statements="2" coveredstatements="2" conditionals="0" coveredconditionals="0" methods="1" coveredmethods="1"/>
          <line num="1" count="5" type="stmt"/>
          <line num="2" count="1" type="stmt"/>
        </file>
      </package>
      <package name="TMDBMovieFinder.src">
        <metrics statements="2" coveredstatements="2" conditionals="0" coveredconditionals="0" methods="0" coveredmethods="0"/>
        <file name="index.js" path="/home/andras/Github/hack-wk10/react-native-challenge/TMDBMovieFinder/src/index.js">
          <metrics statements="1" coveredstatements="1" conditionals="0" coveredconditionals="0" methods="0" coveredmethods="0"/>
          <line num="6" count="1" type="stmt"/>
        </file>
        <file name="styles.js" path="/home/andras/Github/hack-wk10/react-native-challenge/TMDBMovieFinder/src/styles.js">
          <metrics statements="1" coveredstatements="1" conditionals="0" coveredconditionals="0" methods="0" coveredmethods="0"/>
          <line num="3" count="4" type="stmt"/>
        </file>
      </package>
      <package name="TMDBMovieFinder.src.components">
        <metrics statements="26" coveredstatements="18" conditionals="2" coveredconditionals="1" methods="15" coveredmethods="7"/>
        <file name="About.js" path="/home/andras/Github/hack-wk10/react-native-challenge/TMDBMovieFinder/src/components/About.js">
          <metrics statements="4" coveredstatements="3" conditionals="0" coveredconditionals="0" methods="2" coveredmethods="1"/>
          <line num="16" count="1" type="stmt"/>
          <line num="17" count="1" type="stmt"/>
          <line num="27" count="0" type="stmt"/>
          <line num="34" count="2" type="stmt"/>
        </file>
        <file name="Link.js" path="/home/andras/Github/hack-wk10/react-native-challenge/TMDBMovieFinder/src/components/Link.js">
          <metrics statements="4" coveredstatements="3" conditionals="0" coveredconditionals="0" methods="3" coveredmethods="1"/>
          <line num="7" count="2" type="stmt"/>
          <line num="8" count="2" type="stmt"/>
          <line num="11" count="0" type="stmt"/>
          <line num="21" count="3" type="stmt"/>
        </file>
        <file name="Toolbar.js" path="/home/andras/Github/hack-wk10/react-native-challenge/TMDBMovieFinder/src/components/Toolbar.js">
          <metrics statements="4" coveredstatements="3" conditionals="0" coveredconditionals="0" methods="2" coveredmethods="1"/>
          <line num="13" count="2" type="stmt"/>
          <line num="14" count="2" type="stmt"/>
          <line num="18" count="0" type="stmt"/>
          <line num="28" count="3" type="stmt"/>
        </file>
        <file name="index.js" path="/home/andras/Github/hack-wk10/react-native-challenge/TMDBMovieFinder/src/components/index.js">
          <metrics statements="14" coveredstatements="9" conditionals="2" coveredconditionals="1" methods="8" coveredmethods="4"/>
          <line num="18" count="1" type="stmt"/>
          <line num="19" count="1" type="stmt"/>
          <line num="27" count="1" type="stmt"/>
          <line num="28" count="0" type="stmt"/>
          <line num="31" count="1" type="stmt"/>
          <line num="33" count="0" type="stmt"/>
          <line num="40" count="0" type="stmt"/>
          <line num="41" count="0" type="stmt"/>
          <line num="62" count="1" type="stmt"/>
          <line num="66" count="1" type="stmt"/>
          <line num="67" count="1" type="stmt"/>
          <line num="68" count="1" type="stmt"/>
          <line num="83" count="0" type="stmt"/>
          <line num="93" count="2" type="stmt"/>
        </file>
      </package>
    </metrics>
  </project>
</coverage>
