{"/home/andras/Github/hack-wk10/react-native-challenge/TMDBMovieFinder/env.js": {"path":"/home/andras/Github/hack-wk10/react-native-challenge/TMDBMovieFinder/env.js","statementMap":{},"fnMap":{},"branchMap":{},"s":{},"f":{},"b":{},"_coverageSchema":"332fd63041d2c1bcb487cc26dd0d5f7d97098a6c","hash":"9c1d63ddf5a5af651e52cc5171dffae9fd0ec6d6"}
,"/home/andras/Github/hack-wk10/react-native-challenge/TMDBMovieFinder/jest/setup.js": {"path":"/home/andras/Github/hack-wk10/react-native-challenge/TMDBMovieFinder/jest/setup.js","statementMap":{"0":{"start":{"line":1,"column":0},"end":{"line":9,"column":2}},"1":{"start":{"line":2,"column":2},"end":{"line":8,"column":3}}},"fnMap":{"0":{"name":"(anonymous_0)","decl":{"start":{"line":1,"column":21},"end":{"line":1,"column":22}},"loc":{"start":{"line":1,"column":27},"end":{"line":9,"column":1}},"line":1}},"branchMap":{},"s":{"0":5,"1":1},"f":{"0":1},"b":{},"_coverageSchema":"332fd63041d2c1bcb487cc26dd0d5f7d97098a6c","hash":"365b65333447c964f0ad2879b32693f7b2d8c164"}
,"/home/andras/Github/hack-wk10/react-native-challenge/TMDBMovieFinder/src/index.js": {"path":"/home/andras/Github/hack-wk10/react-native-challenge/TMDBMovieFinder/src/index.js","statementMap":{"0":{"start":{"line":6,"column":12},"end":{"line":14,"column":1}}},"fnMap":{},"branchMap":{},"s":{"0":1},"f":{},"b":{},"_coverageSchema":"332fd63041d2c1bcb487cc26dd0d5f7d97098a6c","hash":"8e12d340d9319667acb322862a31d6ef184fe362"}
,"/home/andras/Github/hack-wk10/react-native-challenge/TMDBMovieFinder/src/styles.js": {"path":"/home/andras/Github/hack-wk10/react-native-challenge/TMDBMovieFinder/src/styles.js","statementMap":{"0":{"start":{"line":3,"column":22},"end":{"line":54,"column":2}}},"fnMap":{},"branchMap":{},"s":{"0":4},"f":{},"b":{},"_coverageSchema":"332fd63041d2c1bcb487cc26dd0d5f7d97098a6c","hash":"ba8ecaf7c327abdfc0ee3920f5c6730e1c045328"}
,"/home/andras/Github/hack-wk10/react-native-challenge/TMDBMovieFinder/src/components/About.js": {"path":"/home/andras/Github/hack-wk10/react-native-challenge/TMDBMovieFinder/src/components/About.js","statementMap":{"0":{"start":{"line":16,"column":27},"end":{"line":16,"column":37}},"1":{"start":{"line":17,"column":4},"end":{"line":30,"column":5}},"2":{"start":{"line":27,"column":25},"end":{"line":27,"column":44}},"3":{"start":{"line":34,"column":0},"end":{"line":36,"column":1}}},"fnMap":{"0":{"name":"(anonymous_0)","decl":{"start":{"line":15,"column":2},"end":{"line":15,"column":3}},"loc":{"start":{"line":15,"column":12},"end":{"line":31,"column":3}},"line":15},"1":{"name":"(anonymous_1)","decl":{"start":{"line":27,"column":19},"end":{"line":27,"column":20}},"loc":{"start":{"line":27,"column":25},"end":{"line":27,"column":44}},"line":27}},"branchMap":{},"s":{"0":1,"1":1,"2":0,"3":2},"f":{"0":1,"1":0},"b":{},"_coverageSchema":"332fd63041d2c1bcb487cc26dd0d5f7d97098a6c","hash":"f782f27acad2958e3f759aaf0c4f4093233e3e8e"}
,"/home/andras/Github/hack-wk10/react-native-challenge/TMDBMovieFinder/src/components/Link.js": {"path":"/home/andras/Github/hack-wk10/react-native-challenge/TMDBMovieFinder/src/components/Link.js","statementMap":{"0":{"start":{"line":7,"column":20},"end":{"line":7,"column":30}},"1":{"start":{"line":8,"column":4},"end":{"line":17,"column":5}},"2":{"start":{"line":11,"column":10},"end":{"line":14,"column":12}},"3":{"start":{"line":11,"column":43},"end":{"line":14,"column":11}},"4":{"start":{"line":21,"column":0},"end":{"line":23,"column":1}}},"fnMap":{"0":{"name":"(anonymous_0)","decl":{"start":{"line":6,"column":2},"end":{"line":6,"column":3}},"loc":{"start":{"line":6,"column":11},"end":{"line":18,"column":3}},"line":6},"1":{"name":"(anonymous_1)","decl":{"start":{"line":10,"column":17},"end":{"line":10,"column":18}},"loc":{"start":{"line":10,"column":23},"end":{"line":15,"column":9}},"line":10},"2":{"name":"(anonymous_2)","decl":{"start":{"line":11,"column":37},"end":{"line":11,"column":38}},"loc":{"start":{"line":11,"column":43},"end":{"line":14,"column":11}},"line":11}},"branchMap":{},"s":{"0":2,"1":2,"2":0,"3":0,"4":3},"f":{"0":2,"1":0,"2":0},"b":{},"_coverageSchema":"332fd63041d2c1bcb487cc26dd0d5f7d97098a6c","hash":"e3aa42e7cac2d5391b40a3b38a2c3444514b5c87"}
,"/home/andras/Github/hack-wk10/react-native-challenge/TMDBMovieFinder/src/components/Toolbar.js": {"path":"/home/andras/Github/hack-wk10/react-native-challenge/TMDBMovieFinder/src/components/Toolbar.js","statementMap":{"0":{"start":{"line":13,"column":27},"end":{"line":13,"column":37}},"1":{"start":{"line":14,"column":4},"end":{"line":24,"column":5}},"2":{"start":{"line":18,"column":25},"end":{"line":18,"column":70}},"3":{"start":{"line":28,"column":0},"end":{"line":30,"column":1}}},"fnMap":{"0":{"name":"(anonymous_0)","decl":{"start":{"line":12,"column":2},"end":{"line":12,"column":3}},"loc":{"start":{"line":12,"column":11},"end":{"line":25,"column":3}},"line":12},"1":{"name":"(anonymous_1)","decl":{"start":{"line":18,"column":19},"end":{"line":18,"column":20}},"loc":{"start":{"line":18,"column":25},"end":{"line":18,"column":70}},"line":18}},"branchMap":{},"s":{"0":2,"1":2,"2":0,"3":3},"f":{"0":2,"1":0},"b":{},"_coverageSchema":"332fd63041d2c1bcb487cc26dd0d5f7d97098a6c","hash":"d33b01734402e961577782d8c83a7e5862d06ca4"}
,"/home/andras/Github/hack-wk10/react-native-challenge/TMDBMovieFinder/src/components/index.js": {"path":"/home/andras/Github/hack-wk10/react-native-challenge/TMDBMovieFinder/src/components/index.js","statementMap":{"0":{"start":{"line":18,"column":4},"end":{"line":18,"column":16}},"1":{"start":{"line":19,"column":4},"end":{"line":22,"column":5}},"2":{"start":{"line":27,"column":15},"end":{"line":29,"column":6}},"3":{"start":{"line":28,"column":32},"end":{"line":28,"column":41}},"4":{"start":{"line":31,"column":4},"end":{"line":36,"column":8}},"5":{"start":{"line":33,"column":8},"end":{"line":35,"column":10}},"6":{"start":{"line":40,"column":23},"end":{"line":40,"column":33}},"7":{"start":{"line":41,"column":4},"end":{"line":58,"column":5}},"8":{"start":{"line":62,"column":4},"end":{"line":62,"column":18}},"9":{"start":{"line":66,"column":27},"end":{"line":66,"column":37}},"10":{"start":{"line":67,"column":27},"end":{"line":67,"column":37}},"11":{"start":{"line":68,"column":4},"end":{"line":89,"column":5}},"12":{"start":{"line":83,"column":38},"end":{"line":83,"column":63}},"13":{"start":{"line":93,"column":0},"end":{"line":95,"column":1}}},"fnMap":{"0":{"name":"(anonymous_0)","decl":{"start":{"line":17,"column":2},"end":{"line":17,"column":3}},"loc":{"start":{"line":17,"column":21},"end":{"line":23,"column":3}},"line":17},"1":{"name":"(anonymous_1)","decl":{"start":{"line":25,"column":2},"end":{"line":25,"column":3}},"loc":{"start":{"line":25,"column":12},"end":{"line":37,"column":3}},"line":25},"2":{"name":"(anonymous_2)","decl":{"start":{"line":28,"column":21},"end":{"line":28,"column":22}},"loc":{"start":{"line":28,"column":32},"end":{"line":28,"column":41}},"line":28},"3":{"name":"(anonymous_3)","decl":{"start":{"line":32,"column":12},"end":{"line":32,"column":13}},"loc":{"start":{"line":32,"column":19},"end":{"line":36,"column":7}},"line":32},"4":{"name":"(anonymous_4)","decl":{"start":{"line":39,"column":2},"end":{"line":39,"column":3}},"loc":{"start":{"line":39,"column":20},"end":{"line":59,"column":3}},"line":39},"5":{"name":"(anonymous_5)","decl":{"start":{"line":61,"column":2},"end":{"line":61,"column":3}},"loc":{"start":{"line":61,"column":22},"end":{"line":63,"column":3}},"line":61},"6":{"name":"(anonymous_6)","decl":{"start":{"line":65,"column":2},"end":{"line":65,"column":3}},"loc":{"start":{"line":65,"column":11},"end":{"line":90,"column":3}},"line":65},"7":{"name":"(anonymous_7)","decl":{"start":{"line":83,"column":25},"end":{"line":83,"column":26}},"loc":{"start":{"line":83,"column":38},"end":{"line":83,"column":63}},"line":83}},"branchMap":{"0":{"loc":{"start":{"line":71,"column":10},"end":{"line":86,"column":20}},"type":"cond-expr","locations":[{"start":{"line":72,"column":10},"end":{"line":78,"column":20}},{"start":{"line":80,"column":10},"end":{"line":86,"column":20}}],"line":71}},"s":{"0":1,"1":1,"2":1,"3":0,"4":1,"5":0,"6":0,"7":0,"8":1,"9":1,"10":1,"11":1,"12":0,"13":2},"f":{"0":1,"1":1,"2":0,"3":0,"4":0,"5":1,"6":1,"7":0},"b":{"0":[1,0]},"_coverageSchema":"332fd63041d2c1bcb487cc26dd0d5f7d97098a6c","hash":"6d3573d2e79586cf12a7895aec8312b5e39f8c1a"}
}
