TN:
SF:/home/andras/Github/hack-wk10/react-native-challenge/TMDBMovieFinder/env.js
FNF:0
FNH:0
LF:0
LH:0
BRF:0
BRH:0
end_of_record
TN:
SF:/home/andras/Github/hack-wk10/react-native-challenge/TMDBMovieFinder/jest/setup.js
FN:1,(anonymous_0)
FNF:1
FNH:1
FNDA:1,(anonymous_0)
DA:1,5
DA:2,1
LF:2
LH:2
BRF:0
BRH:0
end_of_record
TN:
SF:/home/andras/Github/hack-wk10/react-native-challenge/TMDBMovieFinder/src/index.js
FNF:0
FNH:0
DA:6,1
LF:1
LH:1
BRF:0
BRH:0
end_of_record
TN:
SF:/home/andras/Github/hack-wk10/react-native-challenge/TMDBMovieFinder/src/styles.js
FNF:0
FNH:0
DA:3,4
LF:1
LH:1
BRF:0
BRH:0
end_of_record
TN:
SF:/home/andras/Github/hack-wk10/react-native-challenge/TMDBMovieFinder/src/components/About.js
FN:15,(anonymous_0)
FN:27,(anonymous_1)
FNF:2
FNH:1
FNDA:1,(anonymous_0)
FNDA:0,(anonymous_1)
DA:16,1
DA:17,1
DA:27,0
DA:34,2
LF:4
LH:3
BRF:0
BRH:0
end_of_record
TN:
SF:/home/andras/Github/hack-wk10/react-native-challenge/TMDBMovieFinder/src/components/Link.js
FN:6,(anonymous_0)
FN:10,(anonymous_1)
FN:11,(anonymous_2)
FNF:3
FNH:1
FNDA:2,(anonymous_0)
FNDA:0,(anonymous_1)
FNDA:0,(anonymous_2)
DA:7,2
DA:8,2
DA:11,0
DA:21,3
LF:4
LH:3
BRF:0
BRH:0
end_of_record
TN:
SF:/home/andras/Github/hack-wk10/react-native-challenge/TMDBMovieFinder/src/components/Toolbar.js
FN:12,(anonymous_0)
FN:18,(anonymous_1)
FNF:2
FNH:1
FNDA:2,(anonymous_0)
FNDA:0,(anonymous_1)
DA:13,2
DA:14,2
DA:18,0
DA:28,3
LF:4
LH:3
BRF:0
BRH:0
end_of_record
TN:
SF:/home/andras/Github/hack-wk10/react-native-challenge/TMDBMovieFinder/src/components/index.js
FN:17,(anonymous_0)
FN:25,(anonymous_1)
FN:28,(anonymous_2)
FN:32,(anonymous_3)
FN:39,(anonymous_4)
FN:61,(anonymous_5)
FN:65,(anonymous_6)
FN:83,(anonymous_7)
FNF:8
FNH:4
FNDA:1,(anonymous_0)
FNDA:1,(anonymous_1)
FNDA:0,(anonymous_2)
FNDA:0,(anonymous_3)
FNDA:0,(anonymous_4)
FNDA:1,(anonymous_5)
FNDA:1,(anonymous_6)
FNDA:0,(anonymous_7)
DA:18,1
DA:19,1
DA:27,1
DA:28,0
DA:31,1
DA:33,0
DA:40,0
DA:41,0
DA:62,1
DA:66,1
DA:67,1
DA:68,1
DA:83,0
DA:93,2
LF:14
LH:9
BRDA:71,0,0,1
BRDA:71,0,1,0
BRF:2
BRH:1
end_of_record
