<?xml version="1.0" encoding="UTF-8"?>
<coverage generated="1493895515444" clover="3.2.0">
  <project timestamp="1493895515445" name="All files">
    <metrics statements="40" coveredstatements="30" conditionals="9" coveredconditionals="4" methods="18" coveredmethods="15" elements="67" coveredelements="49" complexity="0" loc="40" ncloc="40" packages="4" files="10" classes="10">
      <package name="actions">
        <metrics statements="7" coveredstatements="7" conditionals="0" coveredconditionals="0" methods="5" coveredmethods="5"/>
        <file name="constants.js" path="/Users/Laksono/Desktop/hacktiv8/phase3/week10/day1/react-native-challenge/NavigationProject/src/actions/constants.js">
          <metrics statements="1" coveredstatements="1" conditionals="0" coveredconditionals="0" methods="0" coveredmethods="0"/>
          <line num="1" count="2" type="stmt"/>
        </file>
        <file name="index.js" path="/Users/Laksono/Desktop/hacktiv8/phase3/week10/day1/react-native-challenge/NavigationProject/src/actions/index.js">
          <metrics statements="0" coveredstatements="0" conditionals="0" coveredconditionals="0" methods="0" coveredmethods="0"/>
        </file>
        <file name="photoAction.js" path="/Users/Laksono/Desktop/hacktiv8/phase3/week10/day1/react-native-challenge/NavigationProject/src/actions/photoAction.js">
          <metrics statements="6" coveredstatements="6" conditionals="0" coveredconditionals="0" methods="5" coveredmethods="5"/>
          <line num="4" count="2" type="stmt"/>
          <line num="9" count="2" type="stmt"/>
          <line num="10" count="2" type="stmt"/>
          <line num="11" count="2" type="stmt"/>
          <line num="12" count="1" type="stmt"/>
          <line num="13" count="1" type="stmt"/>
        </file>
      </package>
      <package name="components">
        <metrics statements="26" coveredstatements="17" conditionals="6" coveredconditionals="2" methods="12" coveredmethods="9"/>
        <file name="App.js" path="/Users/Laksono/Desktop/hacktiv8/phase3/week10/day1/react-native-challenge/NavigationProject/src/components/App.js">
          <metrics statements="7" coveredstatements="0" conditionals="4" coveredconditionals="0" methods="1" coveredmethods="0"/>
          <line num="1" count="0" type="stmt"/>
          <line num="3" count="0" type="stmt"/>
          <line num="8" count="0" type="stmt"/>
          <line num="9" count="0" type="stmt"/>
          <line num="10" count="0" type="cond" truecount="0" falsecount="4"/>
          <line num="12" count="0" type="stmt"/>
          <line num="14" count="0" type="stmt"/>
        </file>
        <file name="Detail.js" path="/Users/Laksono/Desktop/hacktiv8/phase3/week10/day1/react-native-challenge/NavigationProject/src/components/Detail.js">
          <metrics statements="4" coveredstatements="4" conditionals="0" coveredconditionals="0" methods="2" coveredmethods="2"/>
          <line num="13" count="1" type="stmt"/>
          <line num="19" count="1" type="stmt"/>
          <line num="20" count="1" type="stmt"/>
          <line num="61" count="1" type="stmt"/>
        </file>
        <file name="ListPhoto.js" path="/Users/Laksono/Desktop/hacktiv8/phase3/week10/day1/react-native-challenge/NavigationProject/src/components/ListPhoto.js">
          <metrics statements="8" coveredstatements="7" conditionals="2" coveredconditionals="2" methods="7" coveredmethods="6"/>
          <line num="18" count="1" type="stmt"/>
          <line num="24" count="1" type="stmt"/>
          <line num="28" count="1" type="stmt"/>
          <line num="60" count="0" type="stmt"/>
          <line num="72" count="1" type="stmt"/>
          <line num="108" count="1" type="stmt"/>
          <line num="112" count="1" type="stmt"/>
          <line num="113" count="1" type="stmt"/>
        </file>
        <file name="PhotoItem.js" path="/Users/Laksono/Desktop/hacktiv8/phase3/week10/day1/react-native-challenge/NavigationProject/src/components/PhotoItem.js">
          <metrics statements="7" coveredstatements="6" conditionals="0" coveredconditionals="0" methods="2" coveredmethods="1"/>
          <line num="10" count="2" type="stmt"/>
          <line num="11" count="2" type="stmt"/>
          <line num="13" count="2" type="stmt"/>
          <line num="14" count="1" type="stmt"/>
          <line num="15" count="1" type="stmt"/>
          <line num="17" count="0" type="stmt"/>
          <line num="27" count="2" type="stmt"/>
        </file>
      </package>
      <package name="reducers">
        <metrics statements="6" coveredstatements="5" conditionals="3" coveredconditionals="2" methods="1" coveredmethods="1"/>
        <file name="index.js" path="/Users/Laksono/Desktop/hacktiv8/phase3/week10/day1/react-native-challenge/NavigationProject/src/reducers/index.js">
          <metrics statements="1" coveredstatements="1" conditionals="0" coveredconditionals="0" methods="0" coveredmethods="0"/>
          <line num="5" count="1" type="stmt"/>
        </file>
        <file name="photoReducer.js" path="/Users/Laksono/Desktop/hacktiv8/phase3/week10/day1/react-native-challenge/NavigationProject/src/reducers/photoReducer.js">
          <metrics statements="5" coveredstatements="4" conditionals="3" coveredconditionals="2" methods="1" coveredmethods="1"/>
          <line num="2" count="1" type="stmt"/>
          <line num="4" count="1" type="cond" truecount="1" falsecount="0"/>
          <line num="5" count="3" type="cond" truecount="1" falsecount="1"/>
          <line num="6" count="0" type="stmt"/>
          <line num="7" count="3" type="stmt"/>
        </file>
      </package>
      <package name="store">
        <metrics statements="1" coveredstatements="1" conditionals="0" coveredconditionals="0" methods="0" coveredmethods="0"/>
        <file name="index.js" path="/Users/Laksono/Desktop/hacktiv8/phase3/week10/day1/react-native-challenge/NavigationProject/src/store/index.js">
          <metrics statements="1" coveredstatements="1" conditionals="0" coveredconditionals="0" methods="0" coveredmethods="0"/>
          <line num="7" count="1" type="stmt"/>
        </file>
      </package>
    </metrics>
  </project>
</coverage>
