{"/Users/Laksono/Desktop/hacktiv8/phase3/week10/day1/react-native-challenge/NavigationProject/src/actions/constants.js": {"path":"/Users/Laksono/Desktop/hacktiv8/phase3/week10/day1/react-native-challenge/NavigationProject/src/actions/constants.js","statementMap":{"0":{"start":{"line":1,"column":35},"end":{"line":1,"column":56}}},"fnMap":{},"branchMap":{},"s":{"0":2},"f":{},"b":{},"_coverageSchema":"332fd63041d2c1bcb487cc26dd0d5f7d97098a6c","hash":"e480f733929ca418161aefe4fb00eabbaf830c1a"}
,"/Users/Laksono/Desktop/hacktiv8/phase3/week10/day1/react-native-challenge/NavigationProject/src/actions/index.js": {"path":"/Users/Laksono/Desktop/hacktiv8/phase3/week10/day1/react-native-challenge/NavigationProject/src/actions/index.js","statementMap":{},"fnMap":{},"branchMap":{},"s":{},"f":{},"b":{},"_coverageSchema":"332fd63041d2c1bcb487cc26dd0d5f7d97098a6c","hash":"852d087293ed1b183ae46dbdcc894cb8252e880c"}
,"/Users/Laksono/Desktop/hacktiv8/phase3/week10/day1/react-native-challenge/NavigationProject/src/actions/photoAction.js": {"path":"/Users/Laksono/Desktop/hacktiv8/phase3/week10/day1/react-native-challenge/NavigationProject/src/actions/photoAction.js","statementMap":{"0":{"start":{"line":4,"column":33},"end":{"line":7,"column":2}},"1":{"start":{"line":4,"column":46},"end":{"line":7,"column":1}},"2":{"start":{"line":9,"column":26},"end":{"line":15,"column":1}},"3":{"start":{"line":10,"column":2},"end":{"line":14,"column":3}},"4":{"start":{"line":11,"column":4},"end":{"line":13,"column":60}},"5":{"start":{"line":12,"column":17},"end":{"line":12,"column":27}},"6":{"start":{"line":13,"column":18},"end":{"line":13,"column":58}}},"fnMap":{"0":{"name":"(anonymous_0)","decl":{"start":{"line":4,"column":33},"end":{"line":4,"column":34}},"loc":{"start":{"line":4,"column":46},"end":{"line":7,"column":1}},"line":4},"1":{"name":"(anonymous_1)","decl":{"start":{"line":9,"column":26},"end":{"line":9,"column":27}},"loc":{"start":{"line":9,"column":32},"end":{"line":15,"column":1}},"line":9},"2":{"name":"(anonymous_2)","decl":{"start":{"line":10,"column":9},"end":{"line":10,"column":10}},"loc":{"start":{"line":10,"column":23},"end":{"line":14,"column":3}},"line":10},"3":{"name":"(anonymous_3)","decl":{"start":{"line":12,"column":10},"end":{"line":12,"column":11}},"loc":{"start":{"line":12,"column":17},"end":{"line":12,"column":27}},"line":12},"4":{"name":"(anonymous_4)","decl":{"start":{"line":13,"column":10},"end":{"line":13,"column":11}},"loc":{"start":{"line":13,"column":18},"end":{"line":13,"column":58}},"line":13}},"branchMap":{},"s":{"0":2,"1":1,"2":2,"3":2,"4":2,"5":1,"6":1},"f":{"0":1,"1":2,"2":2,"3":1,"4":1},"b":{},"_coverageSchema":"332fd63041d2c1bcb487cc26dd0d5f7d97098a6c","hash":"97015a9202ec5934cf740c56a03bb7eb745f1895"}
,"/Users/Laksono/Desktop/hacktiv8/phase3/week10/day1/react-native-challenge/NavigationProject/src/components/App.js": {"path":"/Users/Laksono/Desktop/hacktiv8/phase3/week10/day1/react-native-challenge/NavigationProject/src/components/App.js","statementMap":{"0":{"start":{"line":1,"column":0},"end":{"line":1,"column":57}},"1":{"start":{"line":1,"column":68},"end":{"line":1,"column":84}},"2":{"start":{"line":1,"column":97},"end":{"line":1,"column":127}},"3":{"start":{"line":3,"column":17},"end":{"line":3,"column":40}},"4":{"start":{"line":8,"column":21},"end":{"line":8,"column":48}},"5":{"start":{"line":9,"column":15},"end":{"line":9,"column":37}},"6":{"start":{"line":9,"column":54},"end":{"line":9,"column":88}},"7":{"start":{"line":10,"column":12},"end":{"line":10,"column":31}},"8":{"start":{"line":10,"column":45},"end":{"line":10,"column":76}},"9":{"start":{"line":10,"column":114},"end":{"line":10,"column":159}},"10":{"start":{"line":12,"column":8},"end":{"line":14,"column":34}},"11":{"start":{"line":14,"column":35},"end":{"line":17,"column":4}}},"fnMap":{"0":{"name":"_interopRequireDefault","decl":{"start":{"line":10,"column":86},"end":{"line":10,"column":108}},"loc":{"start":{"line":10,"column":113},"end":{"line":10,"column":160}},"line":10}},"branchMap":{"0":{"loc":{"start":{"line":10,"column":121},"end":{"line":10,"column":158}},"type":"cond-expr","locations":[{"start":{"line":10,"column":141},"end":{"line":10,"column":144}},{"start":{"line":10,"column":145},"end":{"line":10,"column":158}}],"line":10},"1":{"loc":{"start":{"line":10,"column":121},"end":{"line":10,"column":140}},"type":"binary-expr","locations":[{"start":{"line":10,"column":121},"end":{"line":10,"column":124}},{"start":{"line":10,"column":126},"end":{"line":10,"column":140}}],"line":10}},"s":{"0":0,"1":0,"2":0,"3":0,"4":0,"5":0,"6":0,"7":0,"8":0,"9":0,"10":0,"11":0},"f":{"0":0},"b":{"0":[0,0],"1":[0,0]}}
,"/Users/Laksono/Desktop/hacktiv8/phase3/week10/day1/react-native-challenge/NavigationProject/src/components/Detail.js": {"path":"/Users/Laksono/Desktop/hacktiv8/phase3/week10/day1/react-native-challenge/NavigationProject/src/components/Detail.js","statementMap":{"0":{"start":{"line":13,"column":4},"end":{"line":13,"column":16}},"1":{"start":{"line":19,"column":21},"end":{"line":19,"column":48}},"2":{"start":{"line":20,"column":4},"end":{"line":56,"column":5}},"3":{"start":{"line":61,"column":15},"end":{"line":88,"column":1}}},"fnMap":{"0":{"name":"(anonymous_0)","decl":{"start":{"line":12,"column":2},"end":{"line":12,"column":3}},"loc":{"start":{"line":12,"column":20},"end":{"line":14,"column":3}},"line":12},"1":{"name":"(anonymous_1)","decl":{"start":{"line":18,"column":2},"end":{"line":18,"column":3}},"loc":{"start":{"line":18,"column":11},"end":{"line":57,"column":3}},"line":18}},"branchMap":{},"s":{"0":1,"1":1,"2":1,"3":1},"f":{"0":1,"1":1},"b":{},"_coverageSchema":"332fd63041d2c1bcb487cc26dd0d5f7d97098a6c","hash":"95d8199fdbdf28b499a229524856c268faba47da"}
,"/Users/Laksono/Desktop/hacktiv8/phase3/week10/day1/react-native-challenge/NavigationProject/src/components/ListPhoto.js": {"path":"/Users/Laksono/Desktop/hacktiv8/phase3/week10/day1/react-native-challenge/NavigationProject/src/components/ListPhoto.js","statementMap":{"0":{"start":{"line":18,"column":4},"end":{"line":18,"column":16}},"1":{"start":{"line":24,"column":4},"end":{"line":24,"column":27}},"2":{"start":{"line":28,"column":4},"end":{"line":67,"column":5}},"3":{"start":{"line":60,"column":16},"end":{"line":60,"column":93}},"4":{"start":{"line":72,"column":15},"end":{"line":105,"column":1}},"5":{"start":{"line":108,"column":24},"end":{"line":110,"column":2}},"6":{"start":{"line":108,"column":36},"end":{"line":110,"column":1}},"7":{"start":{"line":112,"column":27},"end":{"line":114,"column":2}},"8":{"start":{"line":112,"column":40},"end":{"line":114,"column":1}},"9":{"start":{"line":113,"column":20},"end":{"line":113,"column":42}}},"fnMap":{"0":{"name":"(anonymous_0)","decl":{"start":{"line":17,"column":2},"end":{"line":17,"column":3}},"loc":{"start":{"line":17,"column":21},"end":{"line":19,"column":3}},"line":17},"1":{"name":"(anonymous_1)","decl":{"start":{"line":23,"column":2},"end":{"line":23,"column":3}},"loc":{"start":{"line":23,"column":22},"end":{"line":25,"column":3}},"line":23},"2":{"name":"(anonymous_2)","decl":{"start":{"line":27,"column":2},"end":{"line":27,"column":3}},"loc":{"start":{"line":27,"column":12},"end":{"line":68,"column":3}},"line":27},"3":{"name":"(anonymous_3)","decl":{"start":{"line":59,"column":36},"end":{"line":59,"column":37}},"loc":{"start":{"line":60,"column":16},"end":{"line":60,"column":93}},"line":60},"4":{"name":"(anonymous_4)","decl":{"start":{"line":108,"column":24},"end":{"line":108,"column":25}},"loc":{"start":{"line":108,"column":36},"end":{"line":110,"column":1}},"line":108},"5":{"name":"(anonymous_5)","decl":{"start":{"line":112,"column":27},"end":{"line":112,"column":28}},"loc":{"start":{"line":112,"column":40},"end":{"line":114,"column":1}},"line":112},"6":{"name":"(anonymous_6)","decl":{"start":{"line":113,"column":14},"end":{"line":113,"column":15}},"loc":{"start":{"line":113,"column":20},"end":{"line":113,"column":42}},"line":113}},"branchMap":{"0":{"loc":{"start":{"line":56,"column":9},"end":{"line":56,"column":68}},"type":"binary-expr","locations":[{"start":{"line":56,"column":9},"end":{"line":56,"column":39}},{"start":{"line":56,"column":43},"end":{"line":56,"column":68}}],"line":56}},"s":{"0":1,"1":1,"2":1,"3":0,"4":1,"5":1,"6":1,"7":1,"8":1,"9":1},"f":{"0":1,"1":1,"2":1,"3":0,"4":1,"5":1,"6":1},"b":{"0":[1,1]},"_coverageSchema":"332fd63041d2c1bcb487cc26dd0d5f7d97098a6c","hash":"708194412ecb9c3344c41dc6cd083aedb4743585"}
,"/Users/Laksono/Desktop/hacktiv8/phase3/week10/day1/react-native-challenge/NavigationProject/src/components/PhotoItem.js": {"path":"/Users/Laksono/Desktop/hacktiv8/phase3/week10/day1/react-native-challenge/NavigationProject/src/components/PhotoItem.js","statementMap":{"0":{"start":{"line":10,"column":20},"end":{"line":10,"column":50}},"1":{"start":{"line":11,"column":21},"end":{"line":11,"column":52}},"2":{"start":{"line":13,"column":18},"end":{"line":25,"column":1}},"3":{"start":{"line":14,"column":23},"end":{"line":14,"column":39}},"4":{"start":{"line":15,"column":2},"end":{"line":24,"column":3}},"5":{"start":{"line":17,"column":41},"end":{"line":17,"column":82}},"6":{"start":{"line":27,"column":15},"end":{"line":41,"column":1}}},"fnMap":{"0":{"name":"(anonymous_0)","decl":{"start":{"line":13,"column":18},"end":{"line":13,"column":19}},"loc":{"start":{"line":13,"column":29},"end":{"line":25,"column":1}},"line":13},"1":{"name":"(anonymous_1)","decl":{"start":{"line":17,"column":35},"end":{"line":17,"column":36}},"loc":{"start":{"line":17,"column":41},"end":{"line":17,"column":82}},"line":17}},"branchMap":{},"s":{"0":2,"1":2,"2":2,"3":1,"4":1,"5":0,"6":2},"f":{"0":1,"1":0},"b":{},"_coverageSchema":"332fd63041d2c1bcb487cc26dd0d5f7d97098a6c","hash":"2bc058853b8208b13e1be7aa6e86b6e917f2304e"}
,"/Users/Laksono/Desktop/hacktiv8/phase3/week10/day1/react-native-challenge/NavigationProject/src/reducers/index.js": {"path":"/Users/Laksono/Desktop/hacktiv8/phase3/week10/day1/react-native-challenge/NavigationProject/src/reducers/index.js","statementMap":{"0":{"start":{"line":5,"column":20},"end":{"line":7,"column":2}}},"fnMap":{},"branchMap":{},"s":{"0":1},"f":{},"b":{},"_coverageSchema":"332fd63041d2c1bcb487cc26dd0d5f7d97098a6c","hash":"8c933d7b6c8bf98b98043b4aaabc889d142e1d64"}
,"/Users/Laksono/Desktop/hacktiv8/phase3/week10/day1/react-native-challenge/NavigationProject/src/reducers/photoReducer.js": {"path":"/Users/Laksono/Desktop/hacktiv8/phase3/week10/day1/react-native-challenge/NavigationProject/src/reducers/photoReducer.js","statementMap":{"0":{"start":{"line":2,"column":21},"end":{"line":2,"column":23}},"1":{"start":{"line":4,"column":21},"end":{"line":9,"column":1}},"2":{"start":{"line":5,"column":2},"end":{"line":8,"column":3}},"3":{"start":{"line":6,"column":30},"end":{"line":6,"column":52}},"4":{"start":{"line":7,"column":13},"end":{"line":7,"column":26}}},"fnMap":{"0":{"name":"(anonymous_0)","decl":{"start":{"line":4,"column":21},"end":{"line":4,"column":22}},"loc":{"start":{"line":4,"column":55},"end":{"line":9,"column":1}},"line":4}},"branchMap":{"0":{"loc":{"start":{"line":4,"column":22},"end":{"line":4,"column":42}},"type":"default-arg","locations":[{"start":{"line":4,"column":30},"end":{"line":4,"column":42}}],"line":4},"1":{"loc":{"start":{"line":5,"column":2},"end":{"line":8,"column":3}},"type":"switch","locations":[{"start":{"line":6,"column":4},"end":{"line":6,"column":52}},{"start":{"line":7,"column":4},"end":{"line":7,"column":26}}],"line":5}},"s":{"0":1,"1":1,"2":3,"3":0,"4":3},"f":{"0":3},"b":{"0":[3],"1":[0,3]},"_coverageSchema":"332fd63041d2c1bcb487cc26dd0d5f7d97098a6c","hash":"6560fb87841556f44e08ebac668eef6bb3d3a4d4"}
,"/Users/Laksono/Desktop/hacktiv8/phase3/week10/day1/react-native-challenge/NavigationProject/src/store/index.js": {"path":"/Users/Laksono/Desktop/hacktiv8/phase3/week10/day1/react-native-challenge/NavigationProject/src/store/index.js","statementMap":{"0":{"start":{"line":7,"column":14},"end":{"line":7,"column":62}}},"fnMap":{},"branchMap":{},"s":{"0":1},"f":{},"b":{},"_coverageSchema":"332fd63041d2c1bcb487cc26dd0d5f7d97098a6c","hash":"d30e288dcba415846f29e823ff1ebcf874681209"}
}
