TN:
SF:/Users/Laksono/Desktop/hacktiv8/phase3/week10/day1/react-native-challenge/NavigationProject/src/actions/constants.js
FNF:0
FNH:0
DA:1,2
LF:1
LH:1
BRF:0
BRH:0
end_of_record
TN:
SF:/Users/Laksono/Desktop/hacktiv8/phase3/week10/day1/react-native-challenge/NavigationProject/src/actions/index.js
FNF:0
FNH:0
LF:0
LH:0
BRF:0
BRH:0
end_of_record
TN:
SF:/Users/Laksono/Desktop/hacktiv8/phase3/week10/day1/react-native-challenge/NavigationProject/src/actions/photoAction.js
FN:4,(anonymous_0)
FN:9,(anonymous_1)
FN:10,(anonymous_2)
FN:12,(anonymous_3)
FN:13,(anonymous_4)
FNF:5
FNH:5
FNDA:1,(anonymous_0)
FNDA:2,(anonymous_1)
FNDA:2,(anonymous_2)
FNDA:1,(anonymous_3)
FNDA:1,(anonymous_4)
DA:4,2
DA:9,2
DA:10,2
DA:11,2
DA:12,1
DA:13,1
LF:6
LH:6
BRF:0
BRH:0
end_of_record
TN:
SF:/Users/Laksono/Desktop/hacktiv8/phase3/week10/day1/react-native-challenge/NavigationProject/src/components/App.js
FN:10,_interopRequireDefault
FNF:1
FNH:0
FNDA:0,_interopRequireDefault
DA:1,0
DA:3,0
DA:8,0
DA:9,0
DA:10,0
DA:12,0
DA:14,0
LF:7
LH:0
BRDA:10,0,0,0
BRDA:10,0,1,0
BRDA:10,1,0,0
BRDA:10,1,1,0
BRF:4
BRH:0
end_of_record
TN:
SF:/Users/Laksono/Desktop/hacktiv8/phase3/week10/day1/react-native-challenge/NavigationProject/src/components/Detail.js
FN:12,(anonymous_0)
FN:18,(anonymous_1)
FNF:2
FNH:2
FNDA:1,(anonymous_0)
FNDA:1,(anonymous_1)
DA:13,1
DA:19,1
DA:20,1
DA:61,1
LF:4
LH:4
BRF:0
BRH:0
end_of_record
TN:
SF:/Users/Laksono/Desktop/hacktiv8/phase3/week10/day1/react-native-challenge/NavigationProject/src/components/ListPhoto.js
FN:17,(anonymous_0)
FN:23,(anonymous_1)
FN:27,(anonymous_2)
FN:59,(anonymous_3)
FN:108,(anonymous_4)
FN:112,(anonymous_5)
FN:113,(anonymous_6)
FNF:7
FNH:6
FNDA:1,(anonymous_0)
FNDA:1,(anonymous_1)
FNDA:1,(anonymous_2)
FNDA:0,(anonymous_3)
FNDA:1,(anonymous_4)
FNDA:1,(anonymous_5)
FNDA:1,(anonymous_6)
DA:18,1
DA:24,1
DA:28,1
DA:60,0
DA:72,1
DA:108,1
DA:112,1
DA:113,1
LF:8
LH:7
BRDA:56,0,0,1
BRDA:56,0,1,1
BRF:2
BRH:2
end_of_record
TN:
SF:/Users/Laksono/Desktop/hacktiv8/phase3/week10/day1/react-native-challenge/NavigationProject/src/components/PhotoItem.js
FN:13,(anonymous_0)
FN:17,(anonymous_1)
FNF:2
FNH:1
FNDA:1,(anonymous_0)
FNDA:0,(anonymous_1)
DA:10,2
DA:11,2
DA:13,2
DA:14,1
DA:15,1
DA:17,0
DA:27,2
LF:7
LH:6
BRF:0
BRH:0
end_of_record
TN:
SF:/Users/Laksono/Desktop/hacktiv8/phase3/week10/day1/react-native-challenge/NavigationProject/src/reducers/index.js
FNF:0
FNH:0
DA:5,1
LF:1
LH:1
BRF:0
BRH:0
end_of_record
TN:
SF:/Users/Laksono/Desktop/hacktiv8/phase3/week10/day1/react-native-challenge/NavigationProject/src/reducers/photoReducer.js
FN:4,(anonymous_0)
FNF:1
FNH:1
FNDA:3,(anonymous_0)
DA:2,1
DA:4,1
DA:5,3
DA:6,0
DA:7,3
LF:5
LH:4
BRDA:4,0,0,3
BRDA:5,1,0,0
BRDA:5,1,1,3
BRF:3
BRH:2
end_of_record
TN:
SF:/Users/Laksono/Desktop/hacktiv8/phase3/week10/day1/react-native-challenge/NavigationProject/src/store/index.js
FNF:0
FNH:0
DA:7,1
LF:1
LH:1
BRF:0
BRH:0
end_of_record
